Using pre-set license
Built from '2020.3/staging' branch; Version is '2020.3.0f1 (c7b5465681fb) revision 13088070'; Using compiler version '192528614'; Build Type 'Release'
OS: 'Windows 10 Pro; OS build 19042.985; Version 2009; 64bit' Language: 'ko' Physical Memory: 15591 MB
BatchMode: 1, IsHumanControllingUs: 0, StartBugReporterOnCrash: 0, Is64bit: 1, IsPro: 0

 COMMAND LINE ARGUMENTS:
C:\everything\Studies\major\Unity\2020.3.0f1\Editor\Unity.exe
-adb2
-batchMode
-noUpm
-name
AssetImportWorker0
-projectPath
C:/everything/Studies/major/Unity/Team3RepasitoryNew/Team3Project
-logFile
Logs/AssetImportWorker0.log
-srvPort
52497
Successfully changed project path to: C:/everything/Studies/major/Unity/Team3RepasitoryNew/Team3Project
C:/everything/Studies/major/Unity/Team3RepasitoryNew/Team3Project
Using Asset Import Pipeline V2.
Refreshing native plugins compatible for Editor in 41.43 ms, found 0 plugins.
Preloading 0 native plugins for Editor in 0.00 ms.
Initialize engine version: 2020.3.0f1 (c7b5465681fb)
[Subsystems] Discovering subsystems at path C:/everything/Studies/major/Unity/2020.3.0f1/Editor/Data/Resources/UnitySubsystems
[Subsystems] Discovering subsystems at path C:/everything/Studies/major/Unity/Team3RepasitoryNew/Team3Project/Assets
GfxDevice: creating device client; threaded=0
Direct3D:
    Version:  Direct3D 11.0 [level 11.1]
    Renderer: AMD Radeon(TM) Graphics (ID=0x1636)
    Vendor:   
    VRAM:     7795 MB
    Driver:   27.20.11024.15001
Initialize mono
Mono path[0] = 'C:/everything/Studies/major/Unity/2020.3.0f1/Editor/Data/Managed'
Mono path[1] = 'C:/everything/Studies/major/Unity/2020.3.0f1/Editor/Data/MonoBleedingEdge/lib/mono/unityjit'
Mono config path = 'C:/everything/Studies/major/Unity/2020.3.0f1/Editor/Data/MonoBleedingEdge/etc'
Using monoOptions --debugger-agent=transport=dt_socket,embedding=1,server=y,suspend=n,address=127.0.0.1:56300
Begin MonoManager ReloadAssembly
Registering precompiled unity dll's ...
Register platform support module: C:/everything/Studies/major/Unity/2020.3.0f1/Editor/Data/PlaybackEngines/WindowsStandaloneSupport/UnityEditor.WindowsStandalone.Extensions.dll
Registered in 0.005850 seconds.
Native extension for WindowsStandalone target not found
Refreshing native plugins compatible for Editor in 47.76 ms, found 0 plugins.
Preloading 0 native plugins for Editor in 0.00 ms.
Invoked RoslynAnalysisRunner static constructor.
RoslynAnalysisRunner will not be running.
RoslynAnalysisRunner has terminated.
Mono: successfully reloaded assembly
- Completed reload, in  4.879 seconds
Platform modules already initialized, skipping
Registering precompiled user dll's ...
Registered in 0.003990 seconds.
Begin MonoManager ReloadAssembly
Native extension for WindowsStandalone target not found
Refreshing native plugins compatible for Editor in 0.27 ms, found 0 plugins.
Preloading 0 native plugins for Editor in 0.00 ms.
Invoked RoslynAnalysisRunner static constructor.
RoslynAnalysisRunner will not be running.
RoslynAnalysisRunner has terminated.
Mono: successfully reloaded assembly
- Completed reload, in  1.160 seconds
Platform modules already initialized, skipping
========================================================================
Worker process is ready to serve import requests
Launched and connected shader compiler UnityShaderCompiler.exe after 0.08 seconds
Refreshing native plugins compatible for Editor in 0.28 ms, found 0 plugins.
Preloading 0 native plugins for Editor in 0.00 ms.
Unloading 1182 Unused Serialized files (Serialized files now loaded: 0)
System memory in use before: 58.8 MB.
System memory in use after: 58.9 MB.

Unloading 9 unused Assets to reduce memory usage. Loaded Objects now: 1627.
Total: 2.792300 ms (FindLiveObjects: 0.818900 ms CreateObjectMapping: 0.209100 ms MarkObjects: 1.681400 ms  DeleteObjects: 0.079600 ms)

========================================================================
Received Import Request.
  path: Assets/Resource/Heesu/Resources
  artifactKey: Guid(da9b9aec2c9fd5a40a40e33fd618debd) Importer(815301076,1909f56bfc062723c751e8b465ee728b)
Start importing Assets/Resource/Heesu/Resources using Guid(da9b9aec2c9fd5a40a40e33fd618debd) Importer(815301076,1909f56bfc062723c751e8b465ee728b)  -> (artifact id: '26326096a02452315443358b837a09de') in 0.007628 seconds
  Import took 0.010255 seconds .

========================================================================
Received Import Request.
  Time since last request: 0.000383 seconds.
  path: Assets/Resource/Heesu/Clock.mp3
  artifactKey: Guid(e35e5a4a3d1251b48ab20679535abb7c) Importer(815301076,1909f56bfc062723c751e8b465ee728b)
Start importing Assets/Resource/Heesu/Clock.mp3 using Guid(e35e5a4a3d1251b48ab20679535abb7c) Importer(815301076,1909f56bfc062723c751e8b465ee728b)  -> (artifact id: 'a45b7d4759bd7211fd0b15f9c1705c58') in 0.223506 seconds
  Import took 0.225722 seconds .

========================================================================
Received Import Request.
  Time since last request: 35.399351 seconds.
  path: Assets/Prefabs/Heesu/Pre_Letter.prefab
  artifactKey: Guid(25bbb9858fdb180469f1fa3e89b23c7a) Importer(815301076,1909f56bfc062723c751e8b465ee728b)
Start importing Assets/Prefabs/Heesu/Pre_Letter.prefab using Guid(25bbb9858fdb180469f1fa3e89b23c7a) Importer(815301076,1909f56bfc062723c751e8b465ee728b)  -> (artifact id: '9b72be98428ab0b54cabc6df73706254') in 0.089852 seconds
  Import took 0.095012 seconds .

========================================================================
Received Import Request.
  Time since last request: 0.000910 seconds.
  path: Assets/Prefabs/Heesu/Pre_Puzzle_Indicator.prefab
  artifactKey: Guid(0bd09fc58ef61054bba9c6f564fa32e8) Importer(815301076,1909f56bfc062723c751e8b465ee728b)
Start importing Assets/Prefabs/Heesu/Pre_Puzzle_Indicator.prefab using Guid(0bd09fc58ef61054bba9c6f564fa32e8) Importer(815301076,1909f56bfc062723c751e8b465ee728b)  -> (artifact id: '2fd38a74d779661d784105c9edb0047a') in 0.035129 seconds
  Import took 0.040801 seconds .

========================================================================
Received Prepare
Registering precompiled user dll's ...
Registered in 0.002666 seconds.
Begin MonoManager ReloadAssembly
Native extension for WindowsStandalone target not found
Refreshing native plugins compatible for Editor in 0.46 ms, found 0 plugins.
Preloading 0 native plugins for Editor in 0.00 ms.
Invoked RoslynAnalysisRunner static constructor.
RoslynAnalysisRunner will not be running.
RoslynAnalysisRunner has terminated.
Mono: successfully reloaded assembly
- Completed reload, in  1.666 seconds
Platform modules already initialized, skipping
Refreshing native plugins compatible for Editor in 0.32 ms, found 0 plugins.
Preloading 0 native plugins for Editor in 0.00 ms.
Unloading 1177 Unused Serialized files (Serialized files now loaded: 0)
System memory in use before: 62.0 MB.
System memory in use after: 62.1 MB.

Unloading 4 unused Assets to reduce memory usage. Loaded Objects now: 1639.
Total: 2.755600 ms (FindLiveObjects: 0.207800 ms CreateObjectMapping: 0.046800 ms MarkObjects: 2.468700 ms  DeleteObjects: 0.029800 ms)

========================================================================
Received Prepare
Registering precompiled user dll's ...
Registered in 0.002289 seconds.
Begin MonoManager ReloadAssembly
Native extension for WindowsStandalone target not found
Refreshing native plugins compatible for Editor in 0.50 ms, found 0 plugins.
Preloading 0 native plugins for Editor in 0.00 ms.
Invoked RoslynAnalysisRunner static constructor.
RoslynAnalysisRunner will not be running.
RoslynAnalysisRunner has terminated.
Mono: successfully reloaded assembly
- Completed reload, in  1.463 seconds
Platform modules already initialized, skipping
Refreshing native plugins compatible for Editor in 0.34 ms, found 0 plugins.
Preloading 0 native plugins for Editor in 0.00 ms.
Unloading 1177 Unused Serialized files (Serialized files now loaded: 0)
System memory in use before: 62.0 MB.
System memory in use after: 62.1 MB.

Unloading 4 unused Assets to reduce memory usage. Loaded Objects now: 1642.
Total: 3.133400 ms (FindLiveObjects: 0.410100 ms CreateObjectMapping: 0.125100 ms MarkObjects: 2.568800 ms  DeleteObjects: 0.025900 ms)

========================================================================
Received Prepare
Registering precompiled user dll's ...
Registered in 0.003681 seconds.
Begin MonoManager ReloadAssembly
Native extension for WindowsStandalone target not found
Refreshing native plugins compatible for Editor in 0.33 ms, found 0 plugins.
Preloading 0 native plugins for Editor in 0.00 ms.
Invoked RoslynAnalysisRunner static constructor.
RoslynAnalysisRunner will not be running.
RoslynAnalysisRunner has terminated.
Mono: successfully reloaded assembly
- Completed reload, in  1.764 seconds
Platform modules already initialized, skipping
Refreshing native plugins compatible for Editor in 0.32 ms, found 0 plugins.
Preloading 0 native plugins for Editor in 0.00 ms.
Unloading 1177 Unused Serialized files (Serialized files now loaded: 0)
System memory in use before: 62.0 MB.
System memory in use after: 62.1 MB.

Unloading 4 unused Assets to reduce memory usage. Loaded Objects now: 1645.
Total: 3.343900 ms (FindLiveObjects: 0.409200 ms CreateObjectMapping: 0.106300 ms MarkObjects: 2.803300 ms  DeleteObjects: 0.022300 ms)

========================================================================
Received Import Request.
  Time since last request: 244.146566 seconds.
  path: Assets/Scripts/Heesu/LetterHS.cs
  artifactKey: Guid(599d4cb3ca6efab43a72a00ae045b72a) Importer(815301076,1909f56bfc062723c751e8b465ee728b)
Start importing Assets/Scripts/Heesu/LetterHS.cs using Guid(599d4cb3ca6efab43a72a00ae045b72a) Importer(815301076,1909f56bfc062723c751e8b465ee728b)  -> (artifact id: 'e1231fdbfea30986355cc90533224de2') in 0.024127 seconds
  Import took 0.028122 seconds .

========================================================================
Received Import Request.
  Time since last request: 0.002760 seconds.
  path: Assets/Scripts/Heesu/LetterHS.cs
  artifactKey: Guid(599d4cb3ca6efab43a72a00ae045b72a) Importer(815301076,1909f56bfc062723c751e8b465ee728b)
Start importing Assets/Scripts/Heesu/LetterHS.cs using Guid(599d4cb3ca6efab43a72a00ae045b72a) Importer(815301076,1909f56bfc062723c751e8b465ee728b)  -> (artifact id: 'e1231fdbfea30986355cc90533224de2') in 0.009760 seconds
  Import took 0.013337 seconds .

========================================================================
Received Prepare
Registering precompiled user dll's ...
Registered in 0.002798 seconds.
Begin MonoManager ReloadAssembly
Native extension for WindowsStandalone target not found
Refreshing native plugins compatible for Editor in 0.37 ms, found 0 plugins.
Preloading 0 native plugins for Editor in 0.00 ms.
Invoked RoslynAnalysisRunner static constructor.
RoslynAnalysisRunner will not be running.
RoslynAnalysisRunner has terminated.
Mono: successfully reloaded assembly
- Completed reload, in  0.896 seconds
Platform modules already initialized, skipping
Refreshing native plugins compatible for Editor in 0.25 ms, found 0 plugins.
Preloading 0 native plugins for Editor in 0.00 ms.
Unloading 1177 Unused Serialized files (Serialized files now loaded: 0)
System memory in use before: 62.0 MB.
System memory in use after: 62.1 MB.

Unloading 4 unused Assets to reduce memory usage. Loaded Objects now: 1648.
Total: 2.936000 ms (FindLiveObjects: 0.674300 ms CreateObjectMapping: 0.143100 ms MarkObjects: 2.096400 ms  DeleteObjects: 0.019200 ms)

AssetImportWorkerClient::OnTransportError - code=2 error=End of file
